# This file contains fixed global exclude patterns

*~
~$*
.~lock.*
~*.tmp
]*.~*
]Icon\r*
].DS_Store
].ds_store
._*
]Thumbs.db
]photothumb.db
System Volume Information

.*.sw?
.*.*sw?

].TemporaryItems
].Trashes
].DocumentRevisions-V100
].Trash-*
.fseventd
.apdisk

.directory

*.part
*.filepart
*.crdownload

*.kate-swp
*.gnucash.tmp-*

.synkron.*
.sync.ffs_db
.symform
.symform-store
.fuse_hidden*
*.unison
.nfs*

My Saved Places.

\#*#

.direnv/
.git/
.idea/
.pytest_cache
node_modules/
.vscode/
public/
dist/
.mypy_cache/
.ruff_cache/
__pycache__/
.scrapy/
target/
build/
